0 info it worked if it ends with ok
1 verbose cli [ '/usr/local/bin/node',
1 verbose cli   '/usr/local/bin/npm',
1 verbose cli   'install',
1 verbose cli   'browser-sync',
1 verbose cli   '-g' ]
2 info using npm@2.14.12
3 info using node@v4.2.4
4 verbose install initial load of /usr/local/lib/package.json
5 verbose readDependencies loading dependencies from /usr/local/lib/package.json
6 silly cache add args [ 'browser-sync', null ]
7 verbose cache add spec browser-sync
8 silly cache add parsed spec Result {
8 silly cache add   raw: 'browser-sync',
8 silly cache add   scope: null,
8 silly cache add   name: 'browser-sync',
8 silly cache add   rawSpec: '',
8 silly cache add   spec: 'latest',
8 silly cache add   type: 'tag' }
9 silly addNamed browser-sync@latest
10 verbose addNamed "latest" is being treated as a dist-tag for browser-sync
11 info addNameTag [ 'browser-sync', 'latest' ]
12 silly mapToRegistry name browser-sync
13 silly mapToRegistry using default registry
14 silly mapToRegistry registry https://registry.npmjs.org/
15 silly mapToRegistry uri https://registry.npmjs.org/browser-sync
16 verbose addNameTag registry:https://registry.npmjs.org/browser-sync not in flight; fetching
17 verbose request uri https://registry.npmjs.org/browser-sync
18 verbose request no auth needed
19 info attempt registry request try #1 at 2:52:47 PM
20 verbose request id e746545abb8606bc
21 http request GET https://registry.npmjs.org/browser-sync
22 http 200 https://registry.npmjs.org/browser-sync
23 verbose headers { server: 'CouchDB/1.5.0 (Erlang OTP/R16B03)',
23 verbose headers   etag: '"3G9IPY9OO9T5D9LGDGWWNZD19"',
23 verbose headers   'content-type': 'application/json',
23 verbose headers   'cache-control': 'max-age=300',
23 verbose headers   'content-length': '438718',
23 verbose headers   'accept-ranges': 'bytes',
23 verbose headers   date: 'Sun, 08 May 2016 18:52:47 GMT',
23 verbose headers   via: '1.1 varnish',
23 verbose headers   age: '176',
23 verbose headers   connection: 'keep-alive',
23 verbose headers   'x-served-by': 'cache-jfk1043-JFK',
23 verbose headers   'x-cache': 'HIT',
23 verbose headers   'x-cache-hits': '1',
23 verbose headers   'x-timer': 'S1462733567.562187,VS0,VE0',
23 verbose headers   vary: 'Accept-Encoding' }
24 silly get cb [ 200,
24 silly get   { server: 'CouchDB/1.5.0 (Erlang OTP/R16B03)',
24 silly get     etag: '"3G9IPY9OO9T5D9LGDGWWNZD19"',
24 silly get     'content-type': 'application/json',
24 silly get     'cache-control': 'max-age=300',
24 silly get     'content-length': '438718',
24 silly get     'accept-ranges': 'bytes',
24 silly get     date: 'Sun, 08 May 2016 18:52:47 GMT',
24 silly get     via: '1.1 varnish',
24 silly get     age: '176',
24 silly get     connection: 'keep-alive',
24 silly get     'x-served-by': 'cache-jfk1043-JFK',
24 silly get     'x-cache': 'HIT',
24 silly get     'x-cache-hits': '1',
24 silly get     'x-timer': 'S1462733567.562187,VS0,VE0',
24 silly get     vary: 'Accept-Encoding' } ]
25 verbose get saving browser-sync to /Users/apple/.npm/registry.npmjs.org/browser-sync/.cache.json
26 silly addNameTag next cb for browser-sync with tag latest
27 silly addNamed browser-sync@2.12.5
28 verbose addNamed "2.12.5" is a plain semver version for browser-sync
29 silly mapToRegistry name browser-sync
30 silly mapToRegistry using default registry
31 silly mapToRegistry registry https://registry.npmjs.org/
32 silly mapToRegistry uri https://registry.npmjs.org/browser-sync
33 verbose addRemoteTarball https://registry.npmjs.org/browser-sync/-/browser-sync-2.12.5.tgz not in flight; adding
34 verbose addRemoteTarball [ 'https://registry.npmjs.org/browser-sync/-/browser-sync-2.12.5.tgz',
34 verbose addRemoteTarball   '088f3ce160ec98708b499e0363533dd500865939' ]
35 info retry fetch attempt 1 at 2:52:48 PM
36 info attempt registry request try #1 at 2:52:48 PM
37 http fetch GET https://registry.npmjs.org/browser-sync/-/browser-sync-2.12.5.tgz
38 http fetch 200 https://registry.npmjs.org/browser-sync/-/browser-sync-2.12.5.tgz
39 silly fetchAndShaCheck shasum 088f3ce160ec98708b499e0363533dd500865939
40 verbose addTmpTarball /var/folders/nw/7z_vl23n3758_w_1hgp3qqth0000gn/T/npm-1028-dfd0b47c/registry.npmjs.org/browser-sync/-/browser-sync-2.12.5.tgz not in flight; adding
41 verbose addTmpTarball already have metadata; skipping unpack for browser-sync@2.12.5
42 silly cache afterAdd browser-sync@2.12.5
43 verbose afterAdd /Users/apple/.npm/browser-sync/2.12.5/package/package.json not in flight; writing
44 verbose afterAdd /Users/apple/.npm/browser-sync/2.12.5/package/package.json written
45 silly install resolved [ { name: 'browser-sync',
45 silly install resolved     description: 'Live CSS Reload & Browser Syncing',
45 silly install resolved     version: '2.12.5',
45 silly install resolved     homepage: 'http://www.browsersync.io/',
45 silly install resolved     author: { name: 'Shane Osbourne' },
45 silly install resolved     repository:
45 silly install resolved      { type: 'git',
45 silly install resolved        url: 'git+https://github.com/browsersync/browser-sync.git' },
45 silly install resolved     license: 'Apache-2.0',
45 silly install resolved     bin: { 'browser-sync': 'bin/browser-sync.js' },
45 silly install resolved     files: [ 'bin', 'index.js', 'lib' ],
45 silly install resolved     engines: { node: '>= 0.8.0' },
45 silly install resolved     scripts:
45 silly install resolved      { env: 'node ./test/env.js',
45 silly install resolved        test: 'npm run lint && npm run env && npm run unit',
45 silly install resolved        lint: 'eslint index.js lib bin examples test/specs gulpfile.js',
45 silly install resolved        pro: 'protractor test/protractor/config.single.js',
45 silly install resolved        'pro-local': 'node test/protractor/setup.js',
45 silly install resolved        unit: 'mocha --recursive test/specs --timeout 10000',
45 silly install resolved        cover: 'npm run env && npm run cover-local && npm run coveralls',
45 silly install resolved        'cover-local': 'istanbul cover _mocha -- --timeout 10000 --recursive ./test/specs',
45 silly install resolved        coveralls: 'istanbul-coveralls',
45 silly install resolved        'pre-release': 'npm test && npm run pro-local && npm run pro' },
45 silly install resolved     dependencies:
45 silly install resolved      { 'browser-sync-client': '^2.3.3',
45 silly install resolved        'browser-sync-ui': '0.5.19',
45 silly install resolved        'bs-recipes': '1.2.2',
45 silly install resolved        chokidar: '1.4.3',
45 silly install resolved        connect: '3.4.1',
45 silly install resolved        'dev-ip': '^1.0.1',
45 silly install resolved        'easy-extender': '2.3.2',
45 silly install resolved        'eazy-logger': '^2.1.2',
45 silly install resolved        'emitter-steward': '^1.0.0',
45 silly install resolved        'fs-extra': '0.26.7',
45 silly install resolved        'http-proxy': '1.13.2',
45 silly install resolved        immutable: '3.7.6',
45 silly install resolved        localtunnel: '1.8.1',
45 silly install resolved        lodash: '4.10.0',
45 silly install resolved        micromatch: '2.3.7',
45 silly install resolved        opn: '^3.0.2',
45 silly install resolved        portscanner: '^1.0.0',
45 silly install resolved        qs: '6.1.0',
45 silly install resolved        'resp-modifier': '6.0.0',
45 silly install resolved        'serve-index': '1.7.3',
45 silly install resolved        'serve-static': '1.10.2',
45 silly install resolved        'socket.io': '1.4.5',
45 silly install resolved        'ua-parser-js': '0.7.10',
45 silly install resolved        ucfirst: '^1.0.0',
45 silly install resolved        yargs: '4.4.0' },
45 silly install resolved     devDependencies:
45 silly install resolved      { 'browser-sync-spa': '1.0.2',
45 silly install resolved        'bs-html-injector': '3.0.1',
45 silly install resolved        'bs-snippet-injector': '2.0.1',
45 silly install resolved        chai: '3.2.0',
45 silly install resolved        chalk: '1.1.1',
45 silly install resolved        compression: '1.6.1',
45 silly install resolved        eslint: '1.3.1',
45 silly install resolved        'graceful-fs': '3.0.8',
45 silly install resolved        gulp: '3.9.0',
45 silly install resolved        'gulp-contribs': '0.0.3',
45 silly install resolved        'gulp-conventional-changelog': '0.4.0',
45 silly install resolved        'gulp-filter': '2.0.2',
45 silly install resolved        istanbul: '0.3.19',
45 silly install resolved        'istanbul-coveralls': '1.0.3',
45 silly install resolved        mocha: '2.3.0',
45 silly install resolved        q: '1.4.1',
45 silly install resolved        request: '2.61.0',
45 silly install resolved        rimraf: '2.5.2',
45 silly install resolved        sinon: '1.15.4',
45 silly install resolved        slugify: '0.1.1',
45 silly install resolved        'socket.io-client': '^1.4.5',
45 silly install resolved        supertest: '1.1.0',
45 silly install resolved        vinyl: '0.5.3' },
45 silly install resolved     keywords: [ 'browser sync', 'css', 'live reload', 'sync' ],
45 silly install resolved     gitHead: '803257a4fb3bdd837f1259fecece4a2c1611876b',
45 silly install resolved     bugs: { url: 'https://github.com/browsersync/browser-sync/issues' },
45 silly install resolved     _id: 'browser-sync@2.12.5',
45 silly install resolved     _shasum: '088f3ce160ec98708b499e0363533dd500865939',
45 silly install resolved     _from: 'browser-sync@latest',
45 silly install resolved     _npmVersion: '2.14.12',
45 silly install resolved     _nodeVersion: '4.2.4',
45 silly install resolved     _npmUser: { name: 'shakyshane', email: 'shakyshane@gmail.com' },
45 silly install resolved     dist:
45 silly install resolved      { shasum: '088f3ce160ec98708b499e0363533dd500865939',
45 silly install resolved        tarball: 'https://registry.npmjs.org/browser-sync/-/browser-sync-2.12.5.tgz' },
45 silly install resolved     maintainers: [ [Object] ],
45 silly install resolved     _npmOperationalInternal:
45 silly install resolved      { host: 'packages-16-east.internal.npmjs.com',
45 silly install resolved        tmp: 'tmp/browser-sync-2.12.5.tgz_1461620419992_0.8976621832698584' },
45 silly install resolved     directories: {},
45 silly install resolved     _resolved: 'https://registry.npmjs.org/browser-sync/-/browser-sync-2.12.5.tgz' } ]
46 info install browser-sync@2.12.5 into /usr/local/lib
47 info installOne browser-sync@2.12.5
48 verbose installOne of browser-sync to /usr/local/lib not in flight; installing
49 verbose lock using /Users/apple/.npm/_locks/browser-sync-ed941186c435fb34.lock for /usr/local/lib/node_modules/browser-sync
50 silly install write writing browser-sync 2.12.5 to /usr/local/lib/node_modules/browser-sync
51 verbose unbuild lib/node_modules/browser-sync
52 silly gentlyRm /usr/local/lib/node_modules/browser-sync is being purged from base /usr/local
53 verbose gentlyRm don't care about contents; nuking /usr/local/lib/node_modules/browser-sync
54 verbose tar unpack /Users/apple/.npm/browser-sync/2.12.5/package.tgz
55 verbose tar unpacking to /usr/local/lib/node_modules/browser-sync
56 silly gentlyRm /usr/local/lib/node_modules/browser-sync is being purged
57 verbose gentlyRm don't care about contents; nuking /usr/local/lib/node_modules/browser-sync
58 silly gunzTarPerm modes [ '755', '644' ]
59 error tar.unpack untar error /Users/apple/.npm/browser-sync/2.12.5/package.tgz
60 verbose unlock done using /Users/apple/.npm/_locks/browser-sync-ed941186c435fb34.lock for /usr/local/lib/node_modules/browser-sync
61 verbose fstream_path /usr/local/lib/node_modules/browser-sync
62 verbose fstream_type Directory
63 verbose fstream_class DirWriter
64 verbose stack Error: EACCES: permission denied, mkdir '/usr/local/lib/node_modules/browser-sync'
64 verbose stack     at Error (native)
65 verbose fstream_stack /usr/local/lib/node_modules/npm/node_modules/fstream/lib/dir-writer.js:35:25
65 verbose fstream_stack /usr/local/lib/node_modules/npm/node_modules/mkdirp/index.js:47:53
65 verbose fstream_stack FSReqWrap.oncomplete (fs.js:82:15)
66 verbose cwd /Users/apple/Desktop/GitHub/urban_planet
67 error Darwin 14.5.0
68 error argv "/usr/local/bin/node" "/usr/local/bin/npm" "install" "browser-sync" "-g"
69 error node v4.2.4
70 error npm  v2.14.12
71 error path /usr/local/lib/node_modules/browser-sync
72 error code EACCES
73 error errno -13
74 error syscall mkdir
75 error Error: EACCES: permission denied, mkdir '/usr/local/lib/node_modules/browser-sync'
75 error     at Error (native)
75 error  { [Error: EACCES: permission denied, mkdir '/usr/local/lib/node_modules/browser-sync']
75 error   errno: -13,
75 error   code: 'EACCES',
75 error   syscall: 'mkdir',
75 error   path: '/usr/local/lib/node_modules/browser-sync',
75 error   fstream_type: 'Directory',
75 error   fstream_path: '/usr/local/lib/node_modules/browser-sync',
75 error   fstream_class: 'DirWriter',
75 error   fstream_stack:
75 error    [ '/usr/local/lib/node_modules/npm/node_modules/fstream/lib/dir-writer.js:35:25',
75 error      '/usr/local/lib/node_modules/npm/node_modules/mkdirp/index.js:47:53',
75 error      'FSReqWrap.oncomplete (fs.js:82:15)' ] }
76 error Please try running this command again as root/Administrator.
77 verbose exit [ -13, true ]
78 verbose unbuild lib/node_modules/browser-sync
79 silly gentlyRm /usr/local/lib/node_modules/browser-sync is being purged from base /usr/local
80 verbose gentlyRm don't care about contents; nuking /usr/local/lib/node_modules/browser-sync
